2025-06-16 13:12:08,255 [INFO] Pedido 1 criado para usuário 999.
2025-06-16 13:14:01,175 [INFO] Pedido 2 criado para usuário 999.
2025-06-16 13:16:23,691 [INFO] Pedido 3 criado para usuário 999.
2025-06-16 13:18:57,302 [INFO] Usuário Erik (mendes) cadastrado com sucesso.
2025-06-16 13:19:27,323 [INFO] Usuário Erik (mendes) logado com sucesso.
2025-06-16 13:19:53,785 [INFO] Conta do usuário Erik atualizada com sucesso.
2025-06-16 13:19:58,840 [INFO] Conta do usuário Erik deletada com sucesso.
2025-06-16 13:20:13,279 [INFO] Usuário Erik (mendes) cadastrado com sucesso.
2025-06-16 13:20:20,149 [INFO] Usuário Erik (mendes) logado com sucesso.
2025-06-16 13:20:47,506 [INFO] Pedido 4 criado para usuário 9.
2025-06-16 13:20:47,507 [INFO] Pedido reservado com sucesso! ID: 4
2025-06-16 13:20:56,326 [INFO] Produto 1 adicionado ao pedido 4 com quantidade 20.
2025-06-16 13:21:21,875 [INFO] Nota fiscal gerada para o pedido 4: notas_fiscais\nota_4.json
2025-06-16 13:21:21,875 [INFO] Pagamento aprovado para o pedido 4. Nota fiscal gerada.
2025-06-16 13:21:21,877 [INFO] Pagamento aprovado para pedido 4
2025-06-16 13:22:10,373 [INFO] Pedido 5 criado para usuário 9.
2025-06-16 13:22:10,376 [INFO] Pedido reservado com sucesso! ID: 5
2025-06-16 13:23:07,942 [INFO] Cadeiras escolhidas: A2
2025-06-16 13:23:09,982 [INFO] Pedido 6 criado para usuário 9.
2025-06-16 13:23:09,983 [INFO] Pedido reservado com sucesso! ID: 6
2025-06-16 13:23:33,089 [INFO] Cadeiras escolhidas: A3
2025-06-16 13:23:35,130 [INFO] Pedido 7 criado para usuário 9.
2025-06-16 13:23:35,131 [INFO] Pedido reservado com sucesso! ID: 7
2025-06-16 13:27:20,639 [INFO] Reserva expirada e cancelada para pedido 1.
2025-06-16 13:48:04,247 [INFO] Reserva expirada e cancelada para pedido 1.
2025-06-16 13:48:04,247 [INFO] Reserva expirada e cancelada para pedido 2.
2025-06-16 13:48:04,247 [INFO] Reserva expirada e cancelada para pedido 3.
2025-06-16 13:48:04,247 [INFO] Reserva expirada e cancelada para pedido 5.
2025-06-16 13:48:04,247 [INFO] Reserva expirada e cancelada para pedido 6.
2025-06-16 13:48:04,247 [INFO] Reserva expirada e cancelada para pedido 7.
2025-06-16 13:48:19,900 [INFO] Usuário Erik (mendes) logado com sucesso.
2025-06-16 13:48:38,246 [INFO] Pedido 8 criado para usuário 9.
2025-06-16 13:48:38,251 [INFO] Pedido reservado com sucesso! ID: 8
2025-06-16 13:49:04,251 [INFO] Reserva expirada e cancelada para pedido 1.
2025-06-16 13:49:04,251 [INFO] Reserva expirada e cancelada para pedido 2.
2025-06-16 13:49:04,251 [INFO] Reserva expirada e cancelada para pedido 3.
2025-06-16 13:49:04,251 [INFO] Reserva expirada e cancelada para pedido 5.
2025-06-16 13:49:04,251 [INFO] Reserva expirada e cancelada para pedido 6.
2025-06-16 13:49:04,251 [INFO] Reserva expirada e cancelada para pedido 7.
2025-06-16 13:55:17,374 [INFO] Pedido 9 criado para usuário 999.
2025-06-16 13:56:23,169 [INFO] Reserva expirada e cancelada para pedido 1.
2025-06-16 13:56:23,169 [INFO] Reserva expirada e cancelada para pedido 2.
2025-06-16 13:56:23,169 [INFO] Reserva expirada e cancelada para pedido 3.
2025-06-16 13:56:23,169 [INFO] Reserva expirada e cancelada para pedido 5.
2025-06-16 13:56:23,169 [INFO] Reserva expirada e cancelada para pedido 6.
2025-06-16 13:56:23,169 [INFO] Reserva expirada e cancelada para pedido 7.
2025-06-16 13:56:30,281 [INFO] Usuário Erik (mendes) logado com sucesso.
2025-06-16 13:56:49,282 [INFO] Cadeiras escolhidas: A1
2025-06-16 13:56:51,345 [ERROR] Erro ao reservar ingresso: Você só pode reservar até 3 ingressos por evento, considerando todos os seus pedidos ativos.
2025-06-16 13:57:14,079 [INFO] Pedido 10 criado para usuário 9.
2025-06-16 13:57:14,082 [INFO] Pedido reservado com sucesso! ID: 10
2025-06-16 13:57:23,174 [INFO] Reserva expirada e cancelada para pedido 1.
2025-06-16 13:57:23,174 [INFO] Reserva expirada e cancelada para pedido 2.
2025-06-16 13:57:23,174 [INFO] Reserva expirada e cancelada para pedido 3.
2025-06-16 13:57:23,174 [INFO] Reserva expirada e cancelada para pedido 5.
2025-06-16 13:57:23,174 [INFO] Reserva expirada e cancelada para pedido 6.
2025-06-16 13:57:23,174 [INFO] Reserva expirada e cancelada para pedido 7.
